<?xml version="1.0" encoding="UTF-8"?>
<!-- Generated by org.testng.reporters.JUnitReportReporter -->
<testsuite ignored="0" hostname="DESKTOP-ISGNV5K" failures="0" tests="1" name="org.testing.TestScripts.TC5" time="0.032" errors="0" timestamp="26 May 2022 12:48:58 GMT" skipped="0">
  <testcase classname="org.testing.TestScripts.TC5" name="tc5method" time="0.032"/>
</testsuite> <!-- org.testing.TestScripts.TC5 -->
