<?xml version="1.0" encoding="UTF-8"?>
<!-- Generated by org.testng.reporters.JUnitReportReporter -->
<testsuite ignored="0" hostname="DESKTOP-ISGNV5K" failures="0" tests="1" name="org.testing.TestScripts.TC4" time="0.058" errors="0" timestamp="26 May 2022 12:48:58 GMT" skipped="0">
  <testcase classname="org.testing.TestScripts.TC4" name="TC4method" time="0.058"/>
</testsuite> <!-- org.testing.TestScripts.TC4 -->
